{
  "RSpec": {
    "coverage": {
      "/Users/katy/Desktop/Makers_Academy/Week_10/gilded_rose/gilded_rose_tech_test/spec/gilded_rose_spec.rb": {
        "lines": [
          null,
          1,
          null,
          1,
          null,
          1,
          1,
          1,
          1,
          1,
          null,
          null,
          null,
          null
        ]
      },
      "/Users/katy/Desktop/Makers_Academy/Week_10/gilded_rose/gilded_rose_tech_test/lib/gilded_rose.rb": {
        "lines": [
          1,
          null,
          1,
          1,
          null,
          null,
          1,
          1,
          1,
          1,
          0,
          0,
          null,
          null,
          null,
          0,
          0,
          0,
          0,
          0,
          0,
          null,
          null,
          0,
          0,
          0,
          null,
          null,
          null,
          null,
          null,
          1,
          1,
          null,
          1,
          1,
          1,
          1,
          0,
          0,
          null,
          null,
          null,
          0,
          null,
          null,
          0,
          0,
          null,
          null,
          null,
          null,
          null,
          null,
          null,
          1,
          1,
          null,
          1,
          1,
          1,
          1,
          null,
          null,
          1,
          0,
          null,
          null
        ]
      }
    },
    "timestamp": 1615464296
  }
}
